isbn: 1976403790 title: A Doll's House a Play by Henrik Ibsen
isbn: 9783736800762 title: A Modest Proposal
isbn: 9781681460253 title: A Room With a View
isbn: 0062293753 title: A Study in Scarlet
isbn: 9798589534207 title: A Tale of Two Cities Illustrated
isbn: 9781787128170 title: Mastering Kali Linux for Advanced Penetration Testing
isbn: 1973311879 title: Title Adventures of Huckleberry Finn
isbn: 1006912185 title: Η Αλίκη στη χώρα των θαυμάτων
isbn: UOM:39015082989438 title: The National Union Catalog, Pre-1956 Imprints
isbn: 1976014271 title: Anna Karenina by Graf Leo Tolstoy
isbn: 9782357289987 title: Anne of Green Gables
isbn: 8175994444 title: Beyond Good and Evil
isbn: 9781718501133 title: Black Hat Python, 2nd Edition
isbn: 9781718501553 title: Bug Bounty Bootcamp
isbn: 1721205810 title: Calculus Made Easy
isbn: 9798479794513 title: Cranford by Elizabeth Cleghorn Gaskell Illustrated
isbn: 1976032822 title: Crime and Punishment by Fyodor Dostoyevsky
isbn: MINN:31951000545346T title: Pure and Applied Science Books, 1876-1982
isbn: 9492355159 title: Demonology and Devil-Lore 1
isbn: 9357270779 title: Don Quixote
isbn: 9786180317916 title: Δράκουλας
isbn: UOM:39015005404325 title: Dubliners
isbn: 1295723492 title: Edith Lyle - Primary Source Edition
isbn: 1533283087 title: Emma
isbn: 9798501925922 title: Certified Ethical Hacker V11
isbn: 1784350923 title: Florante at Laura
isbn: 9798669944834 title: Frankenstein
isbn: 9798726648781 title: The Death-Mask
isbn: UCAL:C2574113 title: Bulletin
isbn: HARVARD:HN1GMG title: Great Expectations
isbn: 1981205667 title: Grimms' Fairy Tales by Jacob Grimm and Wilhelm Grimm
isbn: 9781718502451 title: Hacking APIs
isbn: STANFORD:36105117841044 title: American Book Publishing Record Cumulative, 1876-1949
isbn: 1853260215 title: The History of Tom Jones
isbn: 9781472508546 title: Jane Austen and her Works
isbn: 1694235300 title: Jane Eyre (Annotated and Illustrated)
isbn: 9781119719649 title: Kali Linux Penetration Testing Bible
isbn: 0821411578 title: Jua Kali Kenya
isbn: UOM:39015012813138 title: Les Miserables
isbn: 9780140390698 title: Little Women
isbn: 2956882228 title: Little Women
isbn: EAN:4066338034748 title: Lost on Venus
isbn: 1647998360 title: Marcia Schuyler
isbn: 1604445084 title: The Meditations of Marcus Aurelius
isbn: 9798569694532 title: Metamorphosis by Franz Kafka
isbn: 149757319X title: Middlemarch
isbn: 9798544352280 title: Moby Dick: Or, the Whale by Herman Melville
isbn: 9786180311280 title: Γύρνα σπίτι, άγγελέ μου
isbn: 0521229294 title: Richard Wagner: My Life
isbn: 9781440649370 title: Noli Me Tangere (Touch Me Not)
isbn: EAN:4057664644138 title: Overland through Asia; Pictures of Siberian, Chinese, and Tartar Life
isbn: 9781593275648 title: Penetration Testing
isbn: 1728993415 title: Peter Pan (Illustrated)
isbn: 8126905492 title: Jane Austen’s Pride and Prejudice
isbn: NWU:35556026775635 title: Journal of Scholarly Publishing
isbn: 9781593278618 title: Real-World Bug Hunting
isbn: BL:A0026177426 title: Rōmaios kai Ioulieta
isbn: UOM:49015003053965 title: American Book Publishing Record Cumulative, 1950-1977: Fiction. Juvenile fiction
isbn: 0811218503 title: Siddhartha
isbn: 9798687915984 title: Tarzan at the Earth's Core- By Edgar Rice(Annotated)
isbn: 9781775418863 title: The Adventures of Roderick Random
isbn: 1981205985 title: The Adventures of Sherlock Holmes by Arthur Conan Doyle
isbn: NYPL:33433074842398 title: The Adventures of Tom Sawyer
isbn: 1618958097 title: The Blue Castle
isbn: 9780141915685 title: The Brothers Karamazov
isbn: 1847869947 title: The Complete Works of William Shakespeare
isbn: 9789388423113 title: The Count of Monte Cristo
isbn: STANFORD:36105132226312 title: Humphry Clinker
isbn: 9798486555497 title: The Great Gatsby (Annotated)
isbn: 9780134278292 title: UNIX and Linux System Administration Handbook
isbn: 9781118026472 title: The Web Application Hacker's Handbook
isbn: PSU:000027559437 title: The History of the Decline and Fall of the Roman Empire
isbn: 1981205993 title: The Hound of the Baskervilles by Arthur Conan Doyle
isbn: 0226470490 title: The Iliad of Homer
isbn: 1094699837 title: The Importance of Being Earnest
isbn: 1981244999 title: The Jungle Book by Rudyard Kipling
isbn: 1848583931 title: The Kama Sutra of Vatsyayana
isbn: 0842528024 title: The King James Bible and the Restoration
isbn: 1981242465 title: The King in Yellow by Robert W. Chambers
isbn: 1721835261 title: The Odyssey
isbn: EAN:4057664182562 title: The Philippines a Century Hence
isbn: 3656884013 title: The Picture of Dorian Gray. a Comparison of the Two Versions
isbn: 9780140449150 title: The Prince
isbn: 9780525505389 title: The Prophet
isbn: 9798626303254 title: The Reign of Greed by José Rizal
isbn: OXFORD:303537630 title: Platonis Res publica
isbn: 026621794X title: The Ramayan of Valmiki
isbn: 9798501508507 title: The Scarlet Letter
isbn: 1724533436 title: From Out the Vasty Deep
isbn: 1981872787 title: The Time Machine by H. G. Wells
isbn: 9783749447206 title: The Tragical History of Doctor Faustus
isbn: 9788027234783 title: WAR AND THE FUTURE
isbn: 9781118026472 title: The Web Application Hacker's Handbook
isbn: 1973441322 title: The Wonderful Wizard of Oz
isbn: 9798574626443 title: The Yellow Wallpaper
isbn: 1722743077 title: The Accomplisht Cook Or, the Art and Mystery of Cookery
isbn: 9798584356231 title: The Divine Comedy (illustrated)
isbn: STANFORD:36105117235304 title: Author-title Catalog
isbn: 9798531604941 title: The Slang Dictionary
isbn: 057855352X title: My Last Week on Earth and Other Stories
isbn: 9783736803770 title: Thus Spake Zarathustra
isbn: 1523877391 title: Tractatus Logico-Philosophicus
isbn: 166007214X title: Treasure Island by Robert Louis Stevenson
isbn: 146633228X title: Ulysses
isbn: 9798503005561 title: Walden and on the Duty of Civil Disobedience
isbn: 9781443414739 title: War And Peace
isbn: 9781504068208 title: Winnie-the-Pooh
isbn: 9798788719351 title: Wuthering Heights
isbn: UOM:35112105391736 title: The Consolidated Statutes of Newfoundland
isbn: 9781118166321 title: Shell Scripting
isbn: 9781111785109 title: Calculus
isbn: 0132712369 title: CSS, DHTML, and Ajax, Fourth Edition
isbn: PSU:000064092669 title: Official Gazette of the United States Patent Office
isbn: 9781449328566 title: Developing Backbone.js Applications
isbn: 0080471595 title: Groovy Programming
isbn: 0321130073 title: HTML for the World Wide Web
isbn: 0955676304 title: Java and Sql
isbn: 9781787128989 title: Android Development with Kotlin
isbn: 9781420047776 title: Practical MATLAB Applications for Engineers
isbn: 0007365349 title: Morgoth's Ring
isbn: UVA:X004279587 title: Perl 5 Programmer's Notebook
isbn: 9782918390008 title: Practical symfony - Propel edition
isbn: 9781484218518 title: Troubleshooting Windows Server with PowerShell
isbn: 9781449302757 title: Programming Python
isbn: STANFORD:36105006357300 title: Catalog of Copyright Entries
isbn: 9781947783270 title: Ready Player One (Spanish MTI edition)
isbn: 9780132928007 title: The Ruby on Rails 3 Tutorial and Reference Collection
isbn: 9781789341980 title: Hands-On Microservices with Rust
isbn: UOM:39015028417452 title: Sauron Defeated
isbn: 9781484202326 title: Beginning Scala
isbn: 1118092775 title: Discovering SQL
isbn: PSU:000064092782 title: Official Gazette of the United States Patent Office
isbn: 9780007348183 title: The Book of Lost Tales 1 (The History of Middle-earth, Book 1)
isbn: 0007309376 title: The Children of Hurin
isbn: 1727456874 title: The Fall of Gondolin
isbn: 0007525508 title: The Hobbit
isbn: 9781328834515 title: The Lay Of Aotrou And Itroun
isbn: 9781476611747 title: The Evolution of Tolkien’s Mythology
isbn: 960040366X title: Ho archontas ton dachtylidion 3 TOMOI
isbn: 0007365292 title: The Lost Road
isbn: 0007365365 title: The Peoples of Middle-Earth
isbn: 061808357X title: The Return of the Shadow
isbn: 0261102184 title: The Shaping of Middle-earth
isbn: 0048232300 title: The Silmarillion
isbn: 0261102206 title: The history of Middle-earth. 7. The history of the Lord of the Rings ; 2. The treason of Isengard
isbn: 0261103245 title: The War of the Jewels
isbn: 0618083596 title: The War of the Ring
isbn: 9781787280878 title: TypeScript 2.x By Example
isbn: 0471790648 title: Mastering MIcrosoft VBA
isbn: 0763717630 title: Programming and Problem Solving with Visual Basic .NET
INSERT INTO LIBRARY(id,name,location,address,phone,email,photo,summary,working_hours) VALUES ('0','University of Patra','21.79127500966751,38.29039542648134','Ypatias 4, Panepstimioupoli Patron, 265 04','2610398949','bibliothiki@bilbo.gr','img/card_library_1.png','"Η Βιβλιοθήκη και Κέντρο Πληροφόρησης (ΒΚΠ) είναι η κύρια μονάδα πληροφόρησης του Πανεπιστημίου Πατρών. Βρίσκεται στο τέρμα της οδού Αριστοτέλους στην Πανεπιστημιούπολη, ανατολικά του κτιρίου του Τμήματος Πολιτικών Μηχανικών, και οι χώροι, οι συλλογές και οι υπηρεσίες της αναπτύσσονται σε τέσσερις ορόφους. Το κτίριο διαθέτει πλήρη δικτυακή υποδομή και σύγχρονο ηλεκτρονικό εξοπλισμό και μπορεί να φιλοξενήσει στα διάφορα αναγνωστήρια για μελέτη περίπου 400 άτομα.','8:30 AM–7 PM,8:30 AM–7 PM,8:30 AM–7 PM,8:30 AM–7 PM,8:30 AM–7 PM,closed,closed')
INSERT INTO LIBRARY(id,name,location,address,phone,email,photo,summary,working_hours) VALUES ('1','Municipal Library of Patra','21.732813401979747,38.24507192398973','Maizonos 110, Patra 262 21','261 022 4813','library@patrasculture.gr','img/card_library_3.png','Σκοπός της Δημοτικής Βιβλιοθήκης Πατρών είναι να προωθεί με δημοκρατικές διαδικασίες και χωρίς  φυλετικές και άλλες διακρίσεις την εξάπλωση της γνώσης, της εκπαίδευσης και  του πολιτισμού. Να καθιστά εφικτή την πρόσβαση σε κάθε είδους πληροφορία και να δημιουργεί τις κατάλληλες συνθήκες για την πραγμάτωση πολιτιστικών και εκπαιδευτικών  προγραμμάτων.','8 AM–2:45 PM,8 AM–7:45 PM,8 AM–2:45 PM,8 AM–2:45 PM,8 AM–2:45 PM,Closed,Closed')
INSERT INTO LIBRARY(id,name,location,address,phone,email,photo,summary,working_hours) VALUES ('2','Municipal Library of Nafpaktos','21.82946039128951,38.40070556275019','Kozoni 12, Nafpaktos 303 00','2634 027388','mail@vivl-nafpakt.ait.sch.gr','img/card_library_2.png','Η Βιβλιοθήκη Ναυπάκτου λειτουργεί από το 1960. Διαθέτει Αναγνωστήριο, Κέντρο Πληροφόρησης και Onlιne','08:00 AM–02:30 PM,07:00 AM–09:00 PM,07:00 AM–09:00 PM,07:00 AM–02:30 PM,07:00 AM–01:30 PM,closed,closed')
INSERT INTO LIBRARY(id,name,location,address,phone,email,photo,summary,working_hours) VALUES ('4','National Library Of Greece','23.733036542730538,37.98120383072839','32 Panepistimiou Street, Athens 106 79','2103 382 541','nlg@nlg.gr','img/card_library_4.png','Η Εθνική Βιβλιοθήκη της Ελλάδος (ΕΒΕ) αποτελεί κορυφαίο θεματοφύλακα και διαχειριστή της πνευματικής παρακαταθήκης των Ελλήνων. Αποστολή της είναι να εντοπίζει, να συγκεντρώνει, να οργανώνει, να περιγράφει και να διαφυλάσσει στο διηνεκές τα τεκμήρια της επιστήμης και του πολιτισμού που δημιουργούνται στην Ελλάδα ή διεθνώς και σχετίζονται με τον Ελληνισμό στη διαχρονία του, προσφέροντας ανοικτή και ισότιμη πρόσβαση σε κάθε ενδιαφερόμενο. Ιδρύθηκε από τον Ιωάννη Καποδίστρια το 1829 και η πορεία της είναι παράλληλη με την ιστορία του ελληνικού κράτους. Στα 188 συναπτά έτη λειτουργίας της αποθησαυρίζει την πνευματική περιουσία του ελληνισμού και μέχρι σήμερα έχει αναπτύξει μια μοναδικής αξίας συλλογή 2.000.000 τεκμηρίων.Μέχρι το 2017 στεγαζόταν στο βαλλιάνειο κτίριο επί της οδού Πανεπιστημίου στο κέντρο της Αθήνας. Το έτος 2018 σηματοδοτεί την ιστορική μετεγκατάστασή της από το εμβληματικό βαλλιάνειο στο νέο της κτίριο, στο Κέντρο Πολιτισμού Ίδρυμα Σταύρος Νιάρχος.Εποπτεύεται από το Υπουργείο Παιδείας και Θρησκευμάτων ως Νομικό Πρόσωπο Δημοσίου Δικαίου','09:00 AM-08:00 PM,09:00 AM-08:00 PM,09:00 AM-08:00 PM,09:00 AM-08:00 PM,09:00 AM-08:00 PM,09:00 AM-08:00 PM,closed')
UNIQUE constraint failed: BOOK.isbn
INSERT INTO BOOK(isbn,title,author,edition,publisher,release,genre,language,summary,photo) VALUES (?,?,?,?,?,?,?,?,?,?)
['9781118026472', "The Web Application Hacker's Handbook", 'Dafydd Stuttard,Marcus Pinto', '0.4.2.0.preview.1', 'John Wiley & Sons', '2011-09-27', 'Computers', 'en', "The highly successful security book returns with a new edition, completely updated Web applications are the front door to most organizations, exposing them to attacks that may disclose personal information, execute fraudulent transactions, or compromise ordinary users. This practical book has been completely updated and revised to discuss the latest step-by-step techniques for attacking and defending the range of ever-evolving web applications. You'll explore the various new technologies employed in web applications that have appeared since the first edition and review the new attack techniques that have been developed, particularly in relation to the client side. Reveals how to overcome the new technologies and techniques aimed at defending web applications against attacks that have appeared since the previous edition Discusses new remoting frameworks, HTML5, cross-domain integration techniques, UI redress, framebusting, HTTP parameter pollution, hybrid file attacks, and more Features a companion web site hosted by the authors that allows readers to try out the attacks described, gives answers to the questions that are posed at the end of each chapter, and provides a summarized methodology and checklist of tasks Focusing on the areas of web application security where things have changed in recent years, this book is the most current resource on the critical topic of discovering, exploiting, and preventing web application security flaws.", 'http://books.google.com/books/content?id=jN6cDprdnd0C&printsec=frontcover&img=1&zoom=1&edge=curl&source=gbs_api']
INSERT INTO COPIES(book_isbn,copy_num,library_id) VALUES ('1976403790','2','1')
INSERT INTO COPIES(book_isbn,copy_num,library_id) VALUES ('1976403790','1','2')
INSERT INTO COPIES(book_isbn,copy_num,library_id) VALUES ('9783736800762','2','1')
INSERT INTO COPIES(book_isbn,copy_num,library_id) VALUES ('9781681460253','4','0')
INSERT INTO COPIES(book_isbn,copy_num,library_id) VALUES ('9781681460253','3','2')
INSERT INTO COPIES(book_isbn,copy_num,library_id) VALUES ('9781681460253','1','4')
INSERT INTO COPIES(book_isbn,copy_num,library_id) VALUES ('0062293753','5','0')
INSERT INTO COPIES(book_isbn,copy_num,library_id) VALUES ('0062293753','3','1')
INSERT INTO COPIES(book_isbn,copy_num,library_id) VALUES ('0062293753','4','4')
INSERT INTO COPIES(book_isbn,copy_num,library_id) VALUES ('9798589534207','1','0')
INSERT INTO COPIES(book_isbn,copy_num,library_id) VALUES ('9798589534207','4','1')
INSERT INTO COPIES(book_isbn,copy_num,library_id) VALUES ('9798589534207','5','4')
INSERT INTO COPIES(book_isbn,copy_num,library_id) VALUES ('9781787128170','4','1')
INSERT INTO COPIES(book_isbn,copy_num,library_id) VALUES ('1973311879','4','1')
INSERT INTO COPIES(book_isbn,copy_num,library_id) VALUES ('1973311879','5','4')
INSERT INTO COPIES(book_isbn,copy_num,library_id) VALUES ('1006912185','5','0')
INSERT INTO COPIES(book_isbn,copy_num,library_id) VALUES ('1006912185','1','1')
INSERT INTO COPIES(book_isbn,copy_num,library_id) VALUES ('1006912185','2','4')
INSERT INTO COPIES(book_isbn,copy_num,library_id) VALUES ('UOM:39015082989438','1','0')
INSERT INTO COPIES(book_isbn,copy_num,library_id) VALUES ('UOM:39015082989438','3','2')
INSERT INTO COPIES(book_isbn,copy_num,library_id) VALUES ('UOM:39015082989438','4','4')
INSERT INTO COPIES(book_isbn,copy_num,library_id) VALUES ('1976014271','4','1')
INSERT INTO COPIES(book_isbn,copy_num,library_id) VALUES ('1976014271','4','2')
INSERT INTO COPIES(book_isbn,copy_num,library_id) VALUES ('1976014271','5','4')
INSERT INTO COPIES(book_isbn,copy_num,library_id) VALUES ('9782357289987','1','0')
INSERT INTO COPIES(book_isbn,copy_num,library_id) VALUES ('8175994444','3','1')
INSERT INTO COPIES(book_isbn,copy_num,library_id) VALUES ('9781718501133','5','1')
INSERT INTO COPIES(book_isbn,copy_num,library_id) VALUES ('9781718501133','1','4')
INSERT INTO COPIES(book_isbn,copy_num,library_id) VALUES ('9781718501553','4','1')
INSERT INTO COPIES(book_isbn,copy_num,library_id) VALUES ('1721205810','3','0')
INSERT INTO COPIES(book_isbn,copy_num,library_id) VALUES ('1721205810','2','1')
INSERT INTO COPIES(book_isbn,copy_num,library_id) VALUES ('1721205810','1','2')
INSERT INTO COPIES(book_isbn,copy_num,library_id) VALUES ('9798479794513','3','0')
INSERT INTO COPIES(book_isbn,copy_num,library_id) VALUES ('9798479794513','3','2')
INSERT INTO COPIES(book_isbn,copy_num,library_id) VALUES ('1976032822','1','1')
INSERT INTO COPIES(book_isbn,copy_num,library_id) VALUES ('1976032822','1','4')
INSERT INTO COPIES(book_isbn,copy_num,library_id) VALUES ('MINN:31951000545346T','1','0')
INSERT INTO COPIES(book_isbn,copy_num,library_id) VALUES ('MINN:31951000545346T','3','1')
INSERT INTO COPIES(book_isbn,copy_num,library_id) VALUES ('MINN:31951000545346T','5','4')
INSERT INTO COPIES(book_isbn,copy_num,library_id) VALUES ('9492355159','2','1')
INSERT INTO COPIES(book_isbn,copy_num,library_id) VALUES ('9357270779','1','1')
INSERT INTO COPIES(book_isbn,copy_num,library_id) VALUES ('9357270779','3','2')
INSERT INTO COPIES(book_isbn,copy_num,library_id) VALUES ('9357270779','2','4')
INSERT INTO COPIES(book_isbn,copy_num,library_id) VALUES ('9786180317916','5','1')
INSERT INTO COPIES(book_isbn,copy_num,library_id) VALUES ('9786180317916','1','2')
INSERT INTO COPIES(book_isbn,copy_num,library_id) VALUES ('9786180317916','5','4')
INSERT INTO COPIES(book_isbn,copy_num,library_id) VALUES ('UOM:39015005404325','4','0')
INSERT INTO COPIES(book_isbn,copy_num,library_id) VALUES ('1295723492','4','1')
INSERT INTO COPIES(book_isbn,copy_num,library_id) VALUES ('1533283087','5','1')
INSERT INTO COPIES(book_isbn,copy_num,library_id) VALUES ('1533283087','4','2')
INSERT INTO COPIES(book_isbn,copy_num,library_id) VALUES ('1533283087','4','4')
INSERT INTO COPIES(book_isbn,copy_num,library_id) VALUES ('9798501925922','2','0')
INSERT INTO COPIES(book_isbn,copy_num,library_id) VALUES ('9798501925922','2','1')
INSERT INTO COPIES(book_isbn,copy_num,library_id) VALUES ('9798501925922','5','4')
INSERT INTO COPIES(book_isbn,copy_num,library_id) VALUES ('1784350923','3','0')
INSERT INTO COPIES(book_isbn,copy_num,library_id) VALUES ('9798669944834','2','0')
INSERT INTO COPIES(book_isbn,copy_num,library_id) VALUES ('9798669944834','3','2')
INSERT INTO COPIES(book_isbn,copy_num,library_id) VALUES ('9798669944834','4','4')
INSERT INTO COPIES(book_isbn,copy_num,library_id) VALUES ('9798726648781','3','0')
INSERT INTO COPIES(book_isbn,copy_num,library_id) VALUES ('9798726648781','3','2')
INSERT INTO COPIES(book_isbn,copy_num,library_id) VALUES ('UCAL:C2574113','2','0')
INSERT INTO COPIES(book_isbn,copy_num,library_id) VALUES ('UCAL:C2574113','2','2')
INSERT INTO COPIES(book_isbn,copy_num,library_id) VALUES ('UCAL:C2574113','4','4')
INSERT INTO COPIES(book_isbn,copy_num,library_id) VALUES ('HARVARD:HN1GMG','1','0')
INSERT INTO COPIES(book_isbn,copy_num,library_id) VALUES ('1981205667','4','0')
INSERT INTO COPIES(book_isbn,copy_num,library_id) VALUES ('1981205667','5','4')
INSERT INTO COPIES(book_isbn,copy_num,library_id) VALUES ('9781718502451','5','2')
INSERT INTO COPIES(book_isbn,copy_num,library_id) VALUES ('9781718502451','1','4')
INSERT INTO COPIES(book_isbn,copy_num,library_id) VALUES ('STANFORD:36105117841044','1','1')
INSERT INTO COPIES(book_isbn,copy_num,library_id) VALUES ('1853260215','1','2')
INSERT INTO COPIES(book_isbn,copy_num,library_id) VALUES ('1853260215','5','4')
INSERT INTO COPIES(book_isbn,copy_num,library_id) VALUES ('9781472508546','3','0')
INSERT INTO COPIES(book_isbn,copy_num,library_id) VALUES ('9781472508546','4','2')
INSERT INTO COPIES(book_isbn,copy_num,library_id) VALUES ('1694235300','1','0')
INSERT INTO COPIES(book_isbn,copy_num,library_id) VALUES ('1694235300','5','2')
INSERT INTO COPIES(book_isbn,copy_num,library_id) VALUES ('9781119719649','1','0')
INSERT INTO COPIES(book_isbn,copy_num,library_id) VALUES ('9781119719649','1','1')
INSERT INTO COPIES(book_isbn,copy_num,library_id) VALUES ('9781119719649','5','2')
INSERT INTO COPIES(book_isbn,copy_num,library_id) VALUES ('9781119719649','3','4')
INSERT INTO COPIES(book_isbn,copy_num,library_id) VALUES ('0821411578','5','1')
INSERT INTO COPIES(book_isbn,copy_num,library_id) VALUES ('0821411578','2','2')
INSERT INTO COPIES(book_isbn,copy_num,library_id) VALUES ('UOM:39015012813138','1','0')
INSERT INTO COPIES(book_isbn,copy_num,library_id) VALUES ('UOM:39015012813138','4','1')
INSERT INTO COPIES(book_isbn,copy_num,library_id) VALUES ('UOM:39015012813138','5','2')
INSERT INTO COPIES(book_isbn,copy_num,library_id) VALUES ('UOM:39015012813138','3','4')
INSERT INTO COPIES(book_isbn,copy_num,library_id) VALUES ('9780140390698','5','1')
INSERT INTO COPIES(book_isbn,copy_num,library_id) VALUES ('2956882228','3','4')
INSERT INTO COPIES(book_isbn,copy_num,library_id) VALUES ('EAN:4066338034748','4','1')
INSERT INTO COPIES(book_isbn,copy_num,library_id) VALUES ('EAN:4066338034748','4','4')
INSERT INTO COPIES(book_isbn,copy_num,library_id) VALUES ('1647998360','4','0')
INSERT INTO COPIES(book_isbn,copy_num,library_id) VALUES ('1647998360','3','1')
INSERT INTO COPIES(book_isbn,copy_num,library_id) VALUES ('1647998360','1','2')
INSERT INTO COPIES(book_isbn,copy_num,library_id) VALUES ('1647998360','1','4')
INSERT INTO COPIES(book_isbn,copy_num,library_id) VALUES ('1604445084','5','0')
INSERT INTO COPIES(book_isbn,copy_num,library_id) VALUES ('1604445084','2','1')
INSERT INTO COPIES(book_isbn,copy_num,library_id) VALUES ('1604445084','3','4')
INSERT INTO COPIES(book_isbn,copy_num,library_id) VALUES ('9798569694532','2','0')
INSERT INTO COPIES(book_isbn,copy_num,library_id) VALUES ('9798569694532','1','4')
INSERT INTO COPIES(book_isbn,copy_num,library_id) VALUES ('149757319X','5','1')
INSERT INTO COPIES(book_isbn,copy_num,library_id) VALUES ('149757319X','3','2')
INSERT INTO COPIES(book_isbn,copy_num,library_id) VALUES ('149757319X','5','4')
INSERT INTO COPIES(book_isbn,copy_num,library_id) VALUES ('9798544352280','2','0')
INSERT INTO COPIES(book_isbn,copy_num,library_id) VALUES ('9798544352280','2','4')
INSERT INTO COPIES(book_isbn,copy_num,library_id) VALUES ('9786180311280','5','0')
INSERT INTO COPIES(book_isbn,copy_num,library_id) VALUES ('9786180311280','5','1')
INSERT INTO COPIES(book_isbn,copy_num,library_id) VALUES ('9786180311280','5','2')
INSERT INTO COPIES(book_isbn,copy_num,library_id) VALUES ('9786180311280','1','4')
INSERT INTO COPIES(book_isbn,copy_num,library_id) VALUES ('0521229294','2','0')
INSERT INTO COPIES(book_isbn,copy_num,library_id) VALUES ('0521229294','3','1')
INSERT INTO COPIES(book_isbn,copy_num,library_id) VALUES ('9781440649370','2','0')
INSERT INTO COPIES(book_isbn,copy_num,library_id) VALUES ('9781440649370','4','1')
INSERT INTO COPIES(book_isbn,copy_num,library_id) VALUES ('9781440649370','5','2')
INSERT INTO COPIES(book_isbn,copy_num,library_id) VALUES ('EAN:4057664644138','4','0')
INSERT INTO COPIES(book_isbn,copy_num,library_id) VALUES ('EAN:4057664644138','2','2')
INSERT INTO COPIES(book_isbn,copy_num,library_id) VALUES ('9781593275648','3','0')
INSERT INTO COPIES(book_isbn,copy_num,library_id) VALUES ('9781593275648','3','2')
INSERT INTO COPIES(book_isbn,copy_num,library_id) VALUES ('1728993415','4','0')
INSERT INTO COPIES(book_isbn,copy_num,library_id) VALUES ('1728993415','1','2')
INSERT INTO COPIES(book_isbn,copy_num,library_id) VALUES ('1728993415','3','4')
INSERT INTO COPIES(book_isbn,copy_num,library_id) VALUES ('8126905492','3','4')
INSERT INTO COPIES(book_isbn,copy_num,library_id) VALUES ('NWU:35556026775635','1','1')
INSERT INTO COPIES(book_isbn,copy_num,library_id) VALUES ('NWU:35556026775635','2','4')
INSERT INTO COPIES(book_isbn,copy_num,library_id) VALUES ('9781593278618','5','0')
INSERT INTO COPIES(book_isbn,copy_num,library_id) VALUES ('9781593278618','5','1')
INSERT INTO COPIES(book_isbn,copy_num,library_id) VALUES ('9781593278618','5','2')
INSERT INTO COPIES(book_isbn,copy_num,library_id) VALUES ('BL:A0026177426','3','0')
INSERT INTO COPIES(book_isbn,copy_num,library_id) VALUES ('UOM:49015003053965','5','0')
INSERT INTO COPIES(book_isbn,copy_num,library_id) VALUES ('UOM:49015003053965','4','1')
INSERT INTO COPIES(book_isbn,copy_num,library_id) VALUES ('UOM:49015003053965','2','2')
INSERT INTO COPIES(book_isbn,copy_num,library_id) VALUES ('0811218503','2','1')
INSERT INTO COPIES(book_isbn,copy_num,library_id) VALUES ('0811218503','4','2')
INSERT INTO COPIES(book_isbn,copy_num,library_id) VALUES ('9798687915984','2','0')
INSERT INTO COPIES(book_isbn,copy_num,library_id) VALUES ('9781775418863','5','1')
INSERT INTO COPIES(book_isbn,copy_num,library_id) VALUES ('9781775418863','5','2')
INSERT INTO COPIES(book_isbn,copy_num,library_id) VALUES ('1981205985','1','0')
INSERT INTO COPIES(book_isbn,copy_num,library_id) VALUES ('1981205985','4','1')
INSERT INTO COPIES(book_isbn,copy_num,library_id) VALUES ('1981205985','1','4')
INSERT INTO COPIES(book_isbn,copy_num,library_id) VALUES ('NYPL:33433074842398','4','1')
INSERT INTO COPIES(book_isbn,copy_num,library_id) VALUES ('1618958097','4','0')
INSERT INTO COPIES(book_isbn,copy_num,library_id) VALUES ('1618958097','3','1')
INSERT INTO COPIES(book_isbn,copy_num,library_id) VALUES ('9780141915685','3','0')
INSERT INTO COPIES(book_isbn,copy_num,library_id) VALUES ('9780141915685','1','1')
INSERT INTO COPIES(book_isbn,copy_num,library_id) VALUES ('9780141915685','5','4')
INSERT INTO COPIES(book_isbn,copy_num,library_id) VALUES ('1847869947','2','1')
INSERT INTO COPIES(book_isbn,copy_num,library_id) VALUES ('9789388423113','5','1')
INSERT INTO COPIES(book_isbn,copy_num,library_id) VALUES ('STANFORD:36105132226312','4','4')
INSERT INTO COPIES(book_isbn,copy_num,library_id) VALUES ('9798486555497','4','2')
INSERT INTO COPIES(book_isbn,copy_num,library_id) VALUES ('9780134278292','3','1')
INSERT INTO COPIES(book_isbn,copy_num,library_id) VALUES ('9780134278292','1','2')
INSERT INTO COPIES(book_isbn,copy_num,library_id) VALUES ('9781118026472','3','4')
INSERT INTO COPIES(book_isbn,copy_num,library_id) VALUES ('PSU:000027559437','3','1')
INSERT INTO COPIES(book_isbn,copy_num,library_id) VALUES ('PSU:000027559437','4','2')
INSERT INTO COPIES(book_isbn,copy_num,library_id) VALUES ('PSU:000027559437','3','4')
INSERT INTO COPIES(book_isbn,copy_num,library_id) VALUES ('1981205993','5','4')
INSERT INTO COPIES(book_isbn,copy_num,library_id) VALUES ('0226470490','4','0')
INSERT INTO COPIES(book_isbn,copy_num,library_id) VALUES ('0226470490','2','1')
INSERT INTO COPIES(book_isbn,copy_num,library_id) VALUES ('0226470490','3','2')
INSERT INTO COPIES(book_isbn,copy_num,library_id) VALUES ('0226470490','4','4')
INSERT INTO COPIES(book_isbn,copy_num,library_id) VALUES ('1094699837','3','0')
INSERT INTO COPIES(book_isbn,copy_num,library_id) VALUES ('1094699837','2','2')
INSERT INTO COPIES(book_isbn,copy_num,library_id) VALUES ('1094699837','2','4')
INSERT INTO COPIES(book_isbn,copy_num,library_id) VALUES ('1981244999','3','0')
INSERT INTO COPIES(book_isbn,copy_num,library_id) VALUES ('1981244999','1','4')
INSERT INTO COPIES(book_isbn,copy_num,library_id) VALUES ('1848583931','2','1')
INSERT INTO COPIES(book_isbn,copy_num,library_id) VALUES ('0842528024','2','2')
INSERT INTO COPIES(book_isbn,copy_num,library_id) VALUES ('0842528024','2','4')
INSERT INTO COPIES(book_isbn,copy_num,library_id) VALUES ('1981242465','1','2')
INSERT INTO COPIES(book_isbn,copy_num,library_id) VALUES ('1981242465','2','4')
INSERT INTO COPIES(book_isbn,copy_num,library_id) VALUES ('1721835261','2','1')
INSERT INTO COPIES(book_isbn,copy_num,library_id) VALUES ('1721835261','5','2')
INSERT INTO COPIES(book_isbn,copy_num,library_id) VALUES ('1721835261','2','4')
INSERT INTO COPIES(book_isbn,copy_num,library_id) VALUES ('EAN:4057664182562','3','1')
INSERT INTO COPIES(book_isbn,copy_num,library_id) VALUES ('EAN:4057664182562','5','2')
INSERT INTO COPIES(book_isbn,copy_num,library_id) VALUES ('EAN:4057664182562','1','4')
INSERT INTO COPIES(book_isbn,copy_num,library_id) VALUES ('3656884013','2','1')
INSERT INTO COPIES(book_isbn,copy_num,library_id) VALUES ('9780140449150','3','0')
INSERT INTO COPIES(book_isbn,copy_num,library_id) VALUES ('9780140449150','1','4')
INSERT INTO COPIES(book_isbn,copy_num,library_id) VALUES ('9780525505389','3','1')
INSERT INTO COPIES(book_isbn,copy_num,library_id) VALUES ('9780525505389','4','4')
INSERT INTO COPIES(book_isbn,copy_num,library_id) VALUES ('9798626303254','2','0')
INSERT INTO COPIES(book_isbn,copy_num,library_id) VALUES ('9798626303254','5','1')
INSERT INTO COPIES(book_isbn,copy_num,library_id) VALUES ('9798626303254','4','4')
INSERT INTO COPIES(book_isbn,copy_num,library_id) VALUES ('OXFORD:303537630','2','2')
INSERT INTO COPIES(book_isbn,copy_num,library_id) VALUES ('026621794X','3','0')
INSERT INTO COPIES(book_isbn,copy_num,library_id) VALUES ('026621794X','4','1')
INSERT INTO COPIES(book_isbn,copy_num,library_id) VALUES ('9798501508507','2','1')
INSERT INTO COPIES(book_isbn,copy_num,library_id) VALUES ('1724533436','1','0')
INSERT INTO COPIES(book_isbn,copy_num,library_id) VALUES ('1724533436','4','1')
INSERT INTO COPIES(book_isbn,copy_num,library_id) VALUES ('1724533436','1','2')
INSERT INTO COPIES(book_isbn,copy_num,library_id) VALUES ('1724533436','1','4')
INSERT INTO COPIES(book_isbn,copy_num,library_id) VALUES ('1981872787','1','4')
INSERT INTO COPIES(book_isbn,copy_num,library_id) VALUES ('9783749447206','5','2')
INSERT INTO COPIES(book_isbn,copy_num,library_id) VALUES ('9788027234783','1','0')
INSERT INTO COPIES(book_isbn,copy_num,library_id) VALUES ('9788027234783','3','1')
INSERT INTO COPIES(book_isbn,copy_num,library_id) VALUES ('9788027234783','1','4')
INSERT INTO COPIES(book_isbn,copy_num,library_id) VALUES ('9781118026472','5','1')
INSERT INTO COPIES(book_isbn,copy_num,library_id) VALUES ('9781118026472','4','4')
UNIQUE constraint failed: COPIES.book_isbn, COPIES.library_id
INSERT INTO COPIES(book_isbn,copy_num,library_id) VALUES ('9781118026472','4','4')
('9781118026472', 4, 4)
INSERT INTO COPIES(book_isbn,copy_num,library_id) VALUES ('1973441322','2','0')
INSERT INTO COPIES(book_isbn,copy_num,library_id) VALUES ('9798574626443','2','0')
INSERT INTO COPIES(book_isbn,copy_num,library_id) VALUES ('9798574626443','2','1')
INSERT INTO COPIES(book_isbn,copy_num,library_id) VALUES ('1722743077','4','1')
INSERT INTO COPIES(book_isbn,copy_num,library_id) VALUES ('1722743077','5','4')
INSERT INTO COPIES(book_isbn,copy_num,library_id) VALUES ('9798584356231','1','1')
INSERT INTO COPIES(book_isbn,copy_num,library_id) VALUES ('9798584356231','5','2')
INSERT INTO COPIES(book_isbn,copy_num,library_id) VALUES ('9798584356231','5','4')
INSERT INTO COPIES(book_isbn,copy_num,library_id) VALUES ('STANFORD:36105117235304','4','0')
INSERT INTO COPIES(book_isbn,copy_num,library_id) VALUES ('STANFORD:36105117235304','1','1')
INSERT INTO COPIES(book_isbn,copy_num,library_id) VALUES ('STANFORD:36105117235304','3','2')
INSERT INTO COPIES(book_isbn,copy_num,library_id) VALUES ('9798531604941','2','2')
INSERT INTO COPIES(book_isbn,copy_num,library_id) VALUES ('057855352X','2','1')
INSERT INTO COPIES(book_isbn,copy_num,library_id) VALUES ('057855352X','1','2')
INSERT INTO COPIES(book_isbn,copy_num,library_id) VALUES ('057855352X','1','4')
INSERT INTO COPIES(book_isbn,copy_num,library_id) VALUES ('9783736803770','2','0')
INSERT INTO COPIES(book_isbn,copy_num,library_id) VALUES ('9783736803770','1','1')
INSERT INTO COPIES(book_isbn,copy_num,library_id) VALUES ('9783736803770','1','4')
INSERT INTO COPIES(book_isbn,copy_num,library_id) VALUES ('1523877391','3','0')
INSERT INTO COPIES(book_isbn,copy_num,library_id) VALUES ('1523877391','2','1')
INSERT INTO COPIES(book_isbn,copy_num,library_id) VALUES ('1523877391','1','2')
INSERT INTO COPIES(book_isbn,copy_num,library_id) VALUES ('1523877391','3','4')
INSERT INTO COPIES(book_isbn,copy_num,library_id) VALUES ('166007214X','1','2')
INSERT INTO COPIES(book_isbn,copy_num,library_id) VALUES ('166007214X','2','4')
INSERT INTO COPIES(book_isbn,copy_num,library_id) VALUES ('146633228X','3','0')
INSERT INTO COPIES(book_isbn,copy_num,library_id) VALUES ('146633228X','4','1')
INSERT INTO COPIES(book_isbn,copy_num,library_id) VALUES ('146633228X','4','2')
INSERT INTO COPIES(book_isbn,copy_num,library_id) VALUES ('146633228X','2','4')
INSERT INTO COPIES(book_isbn,copy_num,library_id) VALUES ('9798503005561','5','2')
INSERT INTO COPIES(book_isbn,copy_num,library_id) VALUES ('9781443414739','5','0')
INSERT INTO COPIES(book_isbn,copy_num,library_id) VALUES ('9781443414739','5','1')
INSERT INTO COPIES(book_isbn,copy_num,library_id) VALUES ('9781443414739','2','2')
INSERT INTO COPIES(book_isbn,copy_num,library_id) VALUES ('9781504068208','1','0')
INSERT INTO COPIES(book_isbn,copy_num,library_id) VALUES ('9781504068208','2','1')
INSERT INTO COPIES(book_isbn,copy_num,library_id) VALUES ('9781504068208','1','4')
INSERT INTO COPIES(book_isbn,copy_num,library_id) VALUES ('9798788719351','4','2')
INSERT INTO COPIES(book_isbn,copy_num,library_id) VALUES ('UOM:35112105391736','3','0')
INSERT INTO COPIES(book_isbn,copy_num,library_id) VALUES ('UOM:35112105391736','1','1')
INSERT INTO COPIES(book_isbn,copy_num,library_id) VALUES ('UOM:35112105391736','1','4')
INSERT INTO COPIES(book_isbn,copy_num,library_id) VALUES ('9781118166321','1','4')
INSERT INTO COPIES(book_isbn,copy_num,library_id) VALUES ('9781111785109','1','0')
INSERT INTO COPIES(book_isbn,copy_num,library_id) VALUES ('9781111785109','2','2')
INSERT INTO COPIES(book_isbn,copy_num,library_id) VALUES ('0132712369','4','0')
INSERT INTO COPIES(book_isbn,copy_num,library_id) VALUES ('0132712369','3','1')
INSERT INTO COPIES(book_isbn,copy_num,library_id) VALUES ('0132712369','4','2')
INSERT INTO COPIES(book_isbn,copy_num,library_id) VALUES ('0132712369','2','4')
INSERT INTO COPIES(book_isbn,copy_num,library_id) VALUES ('PSU:000064092669','1','0')
INSERT INTO COPIES(book_isbn,copy_num,library_id) VALUES ('PSU:000064092669','3','1')
INSERT INTO COPIES(book_isbn,copy_num,library_id) VALUES ('PSU:000064092669','4','2')
INSERT INTO COPIES(book_isbn,copy_num,library_id) VALUES ('9781449328566','5','0')
INSERT INTO COPIES(book_isbn,copy_num,library_id) VALUES ('9781449328566','1','2')
INSERT INTO COPIES(book_isbn,copy_num,library_id) VALUES ('0080471595','5','0')
INSERT INTO COPIES(book_isbn,copy_num,library_id) VALUES ('0080471595','1','1')
INSERT INTO COPIES(book_isbn,copy_num,library_id) VALUES ('0321130073','2','0')
INSERT INTO COPIES(book_isbn,copy_num,library_id) VALUES ('0321130073','2','2')
INSERT INTO COPIES(book_isbn,copy_num,library_id) VALUES ('0955676304','1','1')
INSERT INTO COPIES(book_isbn,copy_num,library_id) VALUES ('0955676304','2','2')
INSERT INTO COPIES(book_isbn,copy_num,library_id) VALUES ('9781787128989','4','1')
INSERT INTO COPIES(book_isbn,copy_num,library_id) VALUES ('9781787128989','5','2')
INSERT INTO COPIES(book_isbn,copy_num,library_id) VALUES ('9781420047776','3','0')
INSERT INTO COPIES(book_isbn,copy_num,library_id) VALUES ('9781420047776','2','2')
INSERT INTO COPIES(book_isbn,copy_num,library_id) VALUES ('0007365349','4','0')
INSERT INTO COPIES(book_isbn,copy_num,library_id) VALUES ('0007365349','5','1')
INSERT INTO COPIES(book_isbn,copy_num,library_id) VALUES ('0007365349','3','2')
INSERT INTO COPIES(book_isbn,copy_num,library_id) VALUES ('0007365349','2','4')
INSERT INTO COPIES(book_isbn,copy_num,library_id) VALUES ('UVA:X004279587','5','4')
INSERT INTO COPIES(book_isbn,copy_num,library_id) VALUES ('9782918390008','4','1')
INSERT INTO COPIES(book_isbn,copy_num,library_id) VALUES ('9781484218518','5','0')
INSERT INTO COPIES(book_isbn,copy_num,library_id) VALUES ('9781484218518','5','1')
INSERT INTO COPIES(book_isbn,copy_num,library_id) VALUES ('9781484218518','5','2')
INSERT INTO COPIES(book_isbn,copy_num,library_id) VALUES ('9781449302757','3','1')
INSERT INTO COPIES(book_isbn,copy_num,library_id) VALUES ('STANFORD:36105006357300','5','2')
INSERT INTO COPIES(book_isbn,copy_num,library_id) VALUES ('9781947783270','4','0')
INSERT INTO COPIES(book_isbn,copy_num,library_id) VALUES ('9780132928007','3','0')
INSERT INTO COPIES(book_isbn,copy_num,library_id) VALUES ('9781789341980','4','1')
INSERT INTO COPIES(book_isbn,copy_num,library_id) VALUES ('9781789341980','5','2')
INSERT INTO COPIES(book_isbn,copy_num,library_id) VALUES ('UOM:39015028417452','4','1')
INSERT INTO COPIES(book_isbn,copy_num,library_id) VALUES ('9781484202326','4','1')
INSERT INTO COPIES(book_isbn,copy_num,library_id) VALUES ('9781484202326','2','2')
INSERT INTO COPIES(book_isbn,copy_num,library_id) VALUES ('9781484202326','2','4')
INSERT INTO COPIES(book_isbn,copy_num,library_id) VALUES ('1118092775','4','0')
INSERT INTO COPIES(book_isbn,copy_num,library_id) VALUES ('1118092775','2','2')
INSERT INTO COPIES(book_isbn,copy_num,library_id) VALUES ('PSU:000064092782','3','4')
INSERT INTO COPIES(book_isbn,copy_num,library_id) VALUES ('9780007348183','3','2')
INSERT INTO COPIES(book_isbn,copy_num,library_id) VALUES ('0007309376','1','0')
INSERT INTO COPIES(book_isbn,copy_num,library_id) VALUES ('0007309376','3','1')
INSERT INTO COPIES(book_isbn,copy_num,library_id) VALUES ('0007309376','3','4')
INSERT INTO COPIES(book_isbn,copy_num,library_id) VALUES ('1727456874','3','4')
INSERT INTO COPIES(book_isbn,copy_num,library_id) VALUES ('0007525508','4','2')
INSERT INTO COPIES(book_isbn,copy_num,library_id) VALUES ('9781328834515','2','2')
INSERT INTO COPIES(book_isbn,copy_num,library_id) VALUES ('9781328834515','3','4')
INSERT INTO COPIES(book_isbn,copy_num,library_id) VALUES ('9781476611747','1','0')
INSERT INTO COPIES(book_isbn,copy_num,library_id) VALUES ('9781476611747','2','1')
INSERT INTO COPIES(book_isbn,copy_num,library_id) VALUES ('960040366X','3','0')
INSERT INTO COPIES(book_isbn,copy_num,library_id) VALUES ('960040366X','2','1')
INSERT INTO COPIES(book_isbn,copy_num,library_id) VALUES ('960040366X','2','4')
INSERT INTO COPIES(book_isbn,copy_num,library_id) VALUES ('0007365292','1','4')
INSERT INTO COPIES(book_isbn,copy_num,library_id) VALUES ('0007365365','1','1')
INSERT INTO COPIES(book_isbn,copy_num,library_id) VALUES ('061808357X','3','1')
INSERT INTO COPIES(book_isbn,copy_num,library_id) VALUES ('061808357X','1','4')
INSERT INTO COPIES(book_isbn,copy_num,library_id) VALUES ('0261102184','5','0')
INSERT INTO COPIES(book_isbn,copy_num,library_id) VALUES ('0261102184','2','1')
INSERT INTO COPIES(book_isbn,copy_num,library_id) VALUES ('0261102184','3','4')
INSERT INTO COPIES(book_isbn,copy_num,library_id) VALUES ('0048232300','2','1')
INSERT INTO COPIES(book_isbn,copy_num,library_id) VALUES ('0048232300','4','2')
INSERT INTO COPIES(book_isbn,copy_num,library_id) VALUES ('0048232300','3','4')
INSERT INTO COPIES(book_isbn,copy_num,library_id) VALUES ('0261102206','3','4')
INSERT INTO COPIES(book_isbn,copy_num,library_id) VALUES ('0261103245','1','0')
INSERT INTO COPIES(book_isbn,copy_num,library_id) VALUES ('0261103245','1','1')
INSERT INTO COPIES(book_isbn,copy_num,library_id) VALUES ('0618083596','2','0')
INSERT INTO COPIES(book_isbn,copy_num,library_id) VALUES ('0618083596','4','4')
INSERT INTO COPIES(book_isbn,copy_num,library_id) VALUES ('9781787280878','2','0')
INSERT INTO COPIES(book_isbn,copy_num,library_id) VALUES ('9781787280878','2','1')
INSERT INTO COPIES(book_isbn,copy_num,library_id) VALUES ('9781787280878','5','2')
INSERT INTO COPIES(book_isbn,copy_num,library_id) VALUES ('9781787280878','2','4')
INSERT INTO COPIES(book_isbn,copy_num,library_id) VALUES ('0471790648','4','0')
INSERT INTO COPIES(book_isbn,copy_num,library_id) VALUES ('0471790648','5','4')
INSERT INTO COPIES(book_isbn,copy_num,library_id) VALUES ('0763717630','2','1')
INSERT INTO COPIES(book_isbn,copy_num,library_id) VALUES ('0763717630','1','2')
INSERT INTO COPIES(book_isbn,copy_num,library_id) VALUES ('0763717630','3','4')
INSERT INTO USER(id,fname,lname,email,birthdate,password,salt) VALUES ('1','Nick','Fil','test@test.gr','01/01/2001','$2b$12$b/Bocu0ZfLeTufxWQvvOE.muzUuM95vWCys6h5PimTd20tTlcDCkO','$2b$12$b/Bocu0ZfLeTufxWQvvOE.')
INSERT INTO USER(id,fname,lname,email,birthdate,password,salt) VALUES ('2','Konstantinos','Kotorenis','konstantinos.kotorenis@gmail.com','30/2/1960','$2b$12$b/Bocu0ZfLeTufxWQvvOE.muzUuM95vWCys6h5PimTd20tTlcDCkO','$2b$12$b/Bocu0ZfLeTufxWQvvOE.')
INSERT INTO Borrowing(book_isbn,library_id,user_id,date_reserved,date_borrowed) VALUES ('1976403790','1','1','2023-05-01 10:00:00','2023-05-02 11:00:00')
INSERT INTO Borrowing(book_isbn,library_id,user_id,date_reserved,date_borrowed) VALUES ('9783736800762','1','2','2023-05-02 10:00:00','2023-05-03 11:00:00')
INSERT INTO Borrowing(book_isbn,library_id,user_id,date_reserved,date_borrowed) VALUES ('9781681460253','0','1','2023-05-09 10:00:00','2023-05-10 11:00:00')
INSERT INTO Borrowing(book_isbn,library_id,user_id,date_reserved,date_borrowed) VALUES ('0062293753','0','1','2023-05-09 10:00:00','2023-05-10 11:00:00')
INSERT INTO Borrowing(book_isbn,library_id,user_id,date_reserved,date_borrowed) VALUES ('9798589534207','0','2','2023-04-02 10:00:00','2023-04-03 11:00:00')
INSERT INTO Borrowing(book_isbn,library_id,user_id,date_reserved,date_borrowed) VALUES ('9781787128170','1','2','2023-05-19 10:00:00','2023-05-20 11:00:00')
INSERT INTO Borrowing(book_isbn,library_id,user_id,date_reserved,date_borrowed) VALUES ('1973311879','1','2','2023-05-01 10:00:00','2023-05-02 11:00:00')
INSERT INTO Borrowing(book_isbn,library_id,user_id,date_reserved,date_borrowed) VALUES ('1006912185','0','2','2023-05-11 10:00:00','2023-05-12 11:00:00')
INSERT INTO Borrowing(book_isbn,library_id,user_id,date_reserved,date_borrowed) VALUES ('UOM:39015082989438','0','1','2023-05-03 10:00:00','2023-05-04 11:00:00')
INSERT INTO Return(book_isbn,library_id,user_id,date_returned) VALUES ('1976403790','1','1','2023-05-10 10:00:00')
INSERT INTO Return(book_isbn,library_id,user_id,date_returned) VALUES ('9783736800762','1','2','2023-05-21 10:00:00')
INSERT INTO Return(book_isbn,library_id,user_id,date_returned) VALUES ('9781681460253','0','1','2023-05-21 10:00:00')
INSERT INTO Return(book_isbn,library_id,user_id,date_returned) VALUES ('0062293753','0','2','2023-04-23 11:00:00')
INSERT INTO Return(book_isbn,library_id,user_id,date_returned) VALUES ('9798589534207','0','2','2023-04-13 10:00:00')
1 - A Modest Proposal , Mastering Kali Linux for Advanced Penetration Testing , Anne of Green Gables
2 - A Doll's House a Play by Henrik Ibsen , Title Adventures of Huckleberry Finn , Black Hat Python, 2nd Edition
3 - A Room With a View , A Study in Scarlet , A Tale of Two Cities Illustrated
4 - Kali Linux Penetration Testing Bible , Les Miserables , Marcia Schuyler